<?xml version="1.0" encoding="UTF-8"?>
<!-- Generated by org.testng.reporters.JUnitReportReporter -->
<testsuite hostname="LAPTOP-989IB8D4" failures="0" tests="4" name="testsProductos.SearchItemsTest" time="13.907" errors="0" timestamp="2019-12-12T13:38:35 BRT" skipped="3">
  <testcase classname="testsProductos.SearchItemsTest" name="clickWomen" time="13.907"/>
  <testcase classname="testsProductos.SearchItemsTest" name="ejercicioTarea">
    <skipped/>
  </testcase> <!-- ejercicioTarea -->
  <testcase classname="testsProductos.SearchItemsTest" name="searchNoResults">
    <skipped/>
  </testcase> <!-- searchNoResults -->
  <testcase classname="testsProductos.SearchItemsTest" name="findClothes">
    <skipped/>
  </testcase> <!-- findClothes -->
</testsuite> <!-- testsProductos.SearchItemsTest -->
